running egg_info
creating build/oakd_chan/oakd_chan.egg-info
writing build/oakd_chan/oakd_chan.egg-info/PKG-INFO
writing dependency_links to build/oakd_chan/oakd_chan.egg-info/dependency_links.txt
writing entry points to build/oakd_chan/oakd_chan.egg-info/entry_points.txt
writing requirements to build/oakd_chan/oakd_chan.egg-info/requires.txt
writing top-level names to build/oakd_chan/oakd_chan.egg-info/top_level.txt
writing manifest file 'build/oakd_chan/oakd_chan.egg-info/SOURCES.txt'
reading manifest file 'build/oakd_chan/oakd_chan.egg-info/SOURCES.txt'
writing manifest file 'build/oakd_chan/oakd_chan.egg-info/SOURCES.txt'
running build
running build_py
creating /home/suguta/naka2_ws/src/oakd_chan/build/oakd_chan/build
creating /home/suguta/naka2_ws/src/oakd_chan/build/oakd_chan/build/lib
creating /home/suguta/naka2_ws/src/oakd_chan/build/oakd_chan/build/lib/oakd_chan
copying oakd_chan/oakd_chan_node.py -> /home/suguta/naka2_ws/src/oakd_chan/build/oakd_chan/build/lib/oakd_chan
copying oakd_chan/__init__.py -> /home/suguta/naka2_ws/src/oakd_chan/build/oakd_chan/build/lib/oakd_chan
copying oakd_chan/alphabet＿detection_node.py -> /home/suguta/naka2_ws/src/oakd_chan/build/oakd_chan/build/lib/oakd_chan
running install
running install_lib
creating /home/suguta/naka2_ws/src/oakd_chan/install/oakd_chan/lib/python3.10/site-packages/oakd_chan
copying /home/suguta/naka2_ws/src/oakd_chan/build/oakd_chan/build/lib/oakd_chan/oakd_chan_node.py -> /home/suguta/naka2_ws/src/oakd_chan/install/oakd_chan/lib/python3.10/site-packages/oakd_chan
copying /home/suguta/naka2_ws/src/oakd_chan/build/oakd_chan/build/lib/oakd_chan/__init__.py -> /home/suguta/naka2_ws/src/oakd_chan/install/oakd_chan/lib/python3.10/site-packages/oakd_chan
copying /home/suguta/naka2_ws/src/oakd_chan/build/oakd_chan/build/lib/oakd_chan/alphabet＿detection_node.py -> /home/suguta/naka2_ws/src/oakd_chan/install/oakd_chan/lib/python3.10/site-packages/oakd_chan
byte-compiling /home/suguta/naka2_ws/src/oakd_chan/install/oakd_chan/lib/python3.10/site-packages/oakd_chan/oakd_chan_node.py to oakd_chan_node.cpython-310.pyc
byte-compiling /home/suguta/naka2_ws/src/oakd_chan/install/oakd_chan/lib/python3.10/site-packages/oakd_chan/__init__.py to __init__.cpython-310.pyc
byte-compiling /home/suguta/naka2_ws/src/oakd_chan/install/oakd_chan/lib/python3.10/site-packages/oakd_chan/alphabet＿detection_node.py to alphabet＿detection_node.cpython-310.pyc
running install_data
creating /home/suguta/naka2_ws/src/oakd_chan/install/oakd_chan/share/ament_index
creating /home/suguta/naka2_ws/src/oakd_chan/install/oakd_chan/share/ament_index/resource_index
creating /home/suguta/naka2_ws/src/oakd_chan/install/oakd_chan/share/ament_index/resource_index/packages
copying resource/oakd_chan -> /home/suguta/naka2_ws/src/oakd_chan/install/oakd_chan/share/ament_index/resource_index/packages
copying package.xml -> /home/suguta/naka2_ws/src/oakd_chan/install/oakd_chan/share/oakd_chan
running install_egg_info
Copying build/oakd_chan/oakd_chan.egg-info to /home/suguta/naka2_ws/src/oakd_chan/install/oakd_chan/lib/python3.10/site-packages/oakd_chan-0.0.0-py3.10.egg-info
running install_scripts
Installing oakd_chan_node script to /home/suguta/naka2_ws/src/oakd_chan/install/oakd_chan/lib/oakd_chan
writing list of installed files to '/home/suguta/naka2_ws/src/oakd_chan/build/oakd_chan/install.log'
