[0.168s] [34mcolcon[0m [1;30mDEBUG[0m [32mCommand line arguments: ['/usr/bin/colcon', 'build'][0m
[0.168s] [34mcolcon[0m [1;30mDEBUG[0m [32mParsed command line arguments: Namespace(log_base=None, log_level=None, verb_name='build', build_base='build', install_base='install', merge_install=False, symlink_install=False, test_result_base=None, continue_on_error=False, executor='parallel', parallel_workers=8, event_handlers=None, ignore_user_meta=False, metas=['./colcon.meta'], base_paths=['.'], packages_ignore=None, packages_ignore_regex=None, paths=None, packages_up_to=None, packages_up_to_regex=None, packages_above=None, packages_above_and_dependencies=None, packages_above_depth=None, packages_select_by_dep=None, packages_skip_by_dep=None, packages_skip_up_to=None, packages_select_build_failed=False, packages_skip_build_finished=False, packages_select_test_failures=False, packages_skip_test_passed=False, packages_select=None, packages_skip=None, packages_select_regex=None, packages_skip_regex=None, packages_start=None, packages_end=None, allow_overriding=[], cmake_args=None, cmake_target=None, cmake_target_skip_unavailable=False, cmake_clean_cache=False, cmake_clean_first=False, cmake_force_configure=False, ament_cmake_args=None, catkin_cmake_args=None, catkin_skip_building_tests=False, verb_parser=<colcon_defaults.argument_parser.defaults.DefaultArgumentsDecorator object at 0x71c76f001d50>, verb_extension=<colcon_core.verb.build.BuildVerb object at 0x71c76f002e30>, main=<bound method BuildVerb.main of <colcon_core.verb.build.BuildVerb object at 0x71c76f002e30>>)[0m
[0.567s] [34mcolcon.colcon_core.package_discovery[0m [1;30mLevel 1[0m discover_packages(colcon_meta) check parameters
[0.567s] [34mcolcon.colcon_core.package_discovery[0m [1;30mLevel 1[0m discover_packages(recursive) check parameters
[0.567s] [34mcolcon.colcon_core.package_discovery[0m [1;30mLevel 1[0m discover_packages(ignore) check parameters
[0.567s] [34mcolcon.colcon_core.package_discovery[0m [1;30mLevel 1[0m discover_packages(path) check parameters
[0.567s] [34mcolcon.colcon_core.package_discovery[0m [1;30mLevel 1[0m discover_packages(colcon_meta) discover
[0.567s] [34mcolcon.colcon_core.package_discovery[0m [1;30mLevel 1[0m discover_packages(recursive) discover
[0.567s] [34mcolcon.colcon_core.package_discovery[0m [1;30mINFO[0m Crawling recursively for packages in '/home/suguta/naka2_ws/src/oakd_chan'
[0.567s] [34mcolcon.colcon_core.package_identification[0m [1;30mLevel 1[0m _identify(.) by extensions ['ignore', 'ignore_ament_install']
[0.567s] [34mcolcon.colcon_core.package_identification[0m [1;30mLevel 1[0m _identify(.) by extension 'ignore'
[0.568s] [34mcolcon.colcon_core.package_identification[0m [1;30mLevel 1[0m _identify(.) by extension 'ignore_ament_install'
[0.568s] [34mcolcon.colcon_core.package_identification[0m [1;30mLevel 1[0m _identify(.) by extensions ['colcon_pkg']
[0.568s] [34mcolcon.colcon_core.package_identification[0m [1;30mLevel 1[0m _identify(.) by extension 'colcon_pkg'
[0.568s] [34mcolcon.colcon_core.package_identification[0m [1;30mLevel 1[0m _identify(.) by extensions ['colcon_meta']
[0.568s] [34mcolcon.colcon_core.package_identification[0m [1;30mLevel 1[0m _identify(.) by extension 'colcon_meta'
[0.568s] [34mcolcon.colcon_core.package_identification[0m [1;30mLevel 1[0m _identify(.) by extensions ['ros']
[0.568s] [34mcolcon.colcon_core.package_identification[0m [1;30mLevel 1[0m _identify(.) by extension 'ros'
[0.592s] [34mcolcon.colcon_core.package_identification[0m [1;30mDEBUG[0m [32mPackage '.' with type 'ros.ament_python' and name 'oakd_chan'[0m
[0.592s] [34mcolcon.colcon_core.package_discovery[0m [1;30mLevel 1[0m discover_packages(recursive) using defaults
[0.593s] [34mcolcon.colcon_core.package_discovery[0m [1;30mLevel 1[0m discover_packages(ignore) discover
[0.593s] [34mcolcon.colcon_core.package_discovery[0m [1;30mLevel 1[0m discover_packages(ignore) using defaults
[0.593s] [34mcolcon.colcon_core.package_discovery[0m [1;30mLevel 1[0m discover_packages(path) discover
[0.593s] [34mcolcon.colcon_core.package_discovery[0m [1;30mLevel 1[0m discover_packages(path) using defaults
[0.611s] [34mcolcon.colcon_core.package_discovery[0m [1;30mLevel 1[0m discover_packages(prefix_path) check parameters
[0.611s] [34mcolcon.colcon_core.package_discovery[0m [1;30mLevel 1[0m discover_packages(prefix_path) discover
[0.615s] [34mcolcon.colcon_installed_package_information.package_discovery[0m [1;30mDEBUG[0m [32mFound 8 installed packages in /home/suguta/naka2_ws/install[0m
[0.616s] [34mcolcon.colcon_installed_package_information.package_discovery[0m [1;30mDEBUG[0m [32mFound 15 installed packages in /home/suguta/turtlebot3_ws/install[0m
[0.616s] [34mcolcon.colcon_installed_package_information.package_discovery[0m [1;30mDEBUG[0m [32mFound 1 installed packages in /home/suguta/naka2_ws/src/oakd_chan/install[0m
[0.618s] [34mcolcon.colcon_installed_package_information.package_discovery[0m [1;30mDEBUG[0m [32mFound 381 installed packages in /opt/ros/humble[0m
[0.621s] [34mcolcon.colcon_core.package_discovery[0m [1;30mLevel 1[0m discover_packages(prefix_path) using defaults
[0.688s] [34mcolcon.colcon_core.verb[0m [1;30mLevel 5[0m set package 'oakd_chan' build argument 'cmake_args' from command line to 'None'
[0.688s] [34mcolcon.colcon_core.verb[0m [1;30mLevel 5[0m set package 'oakd_chan' build argument 'cmake_target' from command line to 'None'
[0.688s] [34mcolcon.colcon_core.verb[0m [1;30mLevel 5[0m set package 'oakd_chan' build argument 'cmake_target_skip_unavailable' from command line to 'False'
[0.688s] [34mcolcon.colcon_core.verb[0m [1;30mLevel 5[0m set package 'oakd_chan' build argument 'cmake_clean_cache' from command line to 'False'
[0.688s] [34mcolcon.colcon_core.verb[0m [1;30mLevel 5[0m set package 'oakd_chan' build argument 'cmake_clean_first' from command line to 'False'
[0.688s] [34mcolcon.colcon_core.verb[0m [1;30mLevel 5[0m set package 'oakd_chan' build argument 'cmake_force_configure' from command line to 'False'
[0.688s] [34mcolcon.colcon_core.verb[0m [1;30mLevel 5[0m set package 'oakd_chan' build argument 'ament_cmake_args' from command line to 'None'
[0.688s] [34mcolcon.colcon_core.verb[0m [1;30mLevel 5[0m set package 'oakd_chan' build argument 'catkin_cmake_args' from command line to 'None'
[0.688s] [34mcolcon.colcon_core.verb[0m [1;30mLevel 5[0m set package 'oakd_chan' build argument 'catkin_skip_building_tests' from command line to 'False'
[0.688s] [34mcolcon.colcon_core.verb[0m [1;30mDEBUG[0m [32mBuilding package 'oakd_chan' with the following arguments: {'ament_cmake_args': None, 'build_base': '/home/suguta/naka2_ws/src/oakd_chan/build/oakd_chan', 'catkin_cmake_args': None, 'catkin_skip_building_tests': False, 'cmake_args': None, 'cmake_clean_cache': False, 'cmake_clean_first': False, 'cmake_force_configure': False, 'cmake_target': None, 'cmake_target_skip_unavailable': False, 'install_base': '/home/suguta/naka2_ws/src/oakd_chan/install/oakd_chan', 'merge_install': False, 'path': '/home/suguta/naka2_ws/src/oakd_chan', 'symlink_install': False, 'test_result_base': None}[0m
[0.689s] [34mcolcon.colcon_core.executor[0m [1;30mINFO[0m Executing jobs using 'parallel' executor
[0.690s] [34mcolcon.colcon_parallel_executor.executor.parallel[0m [1;30mDEBUG[0m [32mrun_until_complete[0m
[0.690s] [34mcolcon.colcon_ros.task.ament_python.build[0m [1;30mINFO[0m Building ROS package in '/home/suguta/naka2_ws/src/oakd_chan' with build type 'ament_python'
[0.690s] [34mcolcon.colcon_core.shell[0m [1;30mLevel 1[0m create_environment_hook('oakd_chan', 'ament_prefix_path')
[0.694s] [34mcolcon.colcon_core.plugin_system[0m [1;30mINFO[0m Skipping extension 'colcon_core.shell.bat': Not used on non-Windows systems
[0.694s] [34mcolcon.colcon_core.shell[0m [1;30mINFO[0m Creating environment hook '/home/suguta/naka2_ws/src/oakd_chan/install/oakd_chan/share/oakd_chan/hook/ament_prefix_path.ps1'
[0.695s] [34mcolcon.colcon_core.shell[0m [1;30mINFO[0m Creating environment descriptor '/home/suguta/naka2_ws/src/oakd_chan/install/oakd_chan/share/oakd_chan/hook/ament_prefix_path.dsv'
[0.695s] [34mcolcon.colcon_core.shell[0m [1;30mINFO[0m Creating environment hook '/home/suguta/naka2_ws/src/oakd_chan/install/oakd_chan/share/oakd_chan/hook/ament_prefix_path.sh'
[0.696s] [34mcolcon.colcon_core.shell[0m [1;30mINFO[0m Skip shell extension 'powershell' for command environment: Not usable outside of PowerShell
[0.696s] [34mcolcon.colcon_core.shell[0m [1;30mDEBUG[0m [32mSkip shell extension 'dsv' for command environment[0m
[1.314s] [34mcolcon.colcon_core.task.python.build[0m [1;30mINFO[0m Building Python package in '/home/suguta/naka2_ws/src/oakd_chan'
[1.314s] [34mcolcon.colcon_core.shell[0m [1;30mINFO[0m Skip shell extension 'powershell' for command environment: Not usable outside of PowerShell
[1.314s] [34mcolcon.colcon_core.shell[0m [1;30mDEBUG[0m [32mSkip shell extension 'dsv' for command environment[0m
[2.428s] [34mcolcon.colcon_core.event_handler.log_command[0m [1;30mDEBUG[0m [32mInvoking command in '/home/suguta/naka2_ws/src/oakd_chan': BYOBU_DATE=%Y-%m-%d PYTHONPATH=/home/suguta/naka2_ws/src/oakd_chan/build/oakd_chan/prefix_override:/usr/lib/python3/dist-packages/colcon_core/task/python/colcon_distutils_commands:/home/suguta/naka2_ws/src/oakd_chan/install/oakd_chan/lib/python3.10/site-packages:${PYTHONPATH} /usr/bin/python3 -W ignore:setup.py install is deprecated setup.py egg_info --egg-base build/oakd_chan build --build-base /home/suguta/naka2_ws/src/oakd_chan/build/oakd_chan/build install --record /home/suguta/naka2_ws/src/oakd_chan/build/oakd_chan/install.log --single-version-externally-managed install_data[0m
[3.499s] [34mcolcon.colcon_core.event_handler.log_command[0m [1;30mDEBUG[0m [32mInvoked command in '/home/suguta/naka2_ws/src/oakd_chan' returned '0': BYOBU_DATE=%Y-%m-%d PYTHONPATH=/home/suguta/naka2_ws/src/oakd_chan/build/oakd_chan/prefix_override:/usr/lib/python3/dist-packages/colcon_core/task/python/colcon_distutils_commands:/home/suguta/naka2_ws/src/oakd_chan/install/oakd_chan/lib/python3.10/site-packages:${PYTHONPATH} /usr/bin/python3 -W ignore:setup.py install is deprecated setup.py egg_info --egg-base build/oakd_chan build --build-base /home/suguta/naka2_ws/src/oakd_chan/build/oakd_chan/build install --record /home/suguta/naka2_ws/src/oakd_chan/build/oakd_chan/install.log --single-version-externally-managed install_data[0m
[3.505s] [34mcolcon.colcon_core.environment[0m [1;30mLevel 1[0m checking '/home/suguta/naka2_ws/src/oakd_chan/install/oakd_chan' for CMake module files
[3.506s] [34mcolcon.colcon_core.environment[0m [1;30mLevel 1[0m checking '/home/suguta/naka2_ws/src/oakd_chan/install/oakd_chan' for CMake config files
[3.507s] [34mcolcon.colcon_core.environment[0m [1;30mLevel 1[0m checking '/home/suguta/naka2_ws/src/oakd_chan/install/oakd_chan/lib'
[3.507s] [34mcolcon.colcon_core.environment[0m [1;30mLevel 1[0m checking '/home/suguta/naka2_ws/src/oakd_chan/install/oakd_chan/bin'
[3.507s] [34mcolcon.colcon_core.environment[0m [1;30mLevel 1[0m checking '/home/suguta/naka2_ws/src/oakd_chan/install/oakd_chan/lib/pkgconfig/oakd_chan.pc'
[3.507s] [34mcolcon.colcon_core.environment[0m [1;30mLevel 1[0m checking '/home/suguta/naka2_ws/src/oakd_chan/install/oakd_chan/lib/python3.10/site-packages'
[3.507s] [34mcolcon.colcon_core.shell[0m [1;30mLevel 1[0m create_environment_hook('oakd_chan', 'pythonpath')
[3.508s] [34mcolcon.colcon_core.shell[0m [1;30mINFO[0m Creating environment hook '/home/suguta/naka2_ws/src/oakd_chan/install/oakd_chan/share/oakd_chan/hook/pythonpath.ps1'
[3.508s] [34mcolcon.colcon_core.shell[0m [1;30mINFO[0m Creating environment descriptor '/home/suguta/naka2_ws/src/oakd_chan/install/oakd_chan/share/oakd_chan/hook/pythonpath.dsv'
[3.508s] [34mcolcon.colcon_core.shell[0m [1;30mINFO[0m Creating environment hook '/home/suguta/naka2_ws/src/oakd_chan/install/oakd_chan/share/oakd_chan/hook/pythonpath.sh'
[3.509s] [34mcolcon.colcon_core.environment[0m [1;30mLevel 1[0m checking '/home/suguta/naka2_ws/src/oakd_chan/install/oakd_chan/bin'
[3.509s] [34mcolcon.colcon_core.environment[0m [1;30mLevel 1[0m create_environment_scripts_only(oakd_chan)
[3.510s] [34mcolcon.colcon_core.shell[0m [1;30mINFO[0m Creating package script '/home/suguta/naka2_ws/src/oakd_chan/install/oakd_chan/share/oakd_chan/package.ps1'
[3.511s] [34mcolcon.colcon_core.shell[0m [1;30mINFO[0m Creating package descriptor '/home/suguta/naka2_ws/src/oakd_chan/install/oakd_chan/share/oakd_chan/package.dsv'
[3.511s] [34mcolcon.colcon_core.shell[0m [1;30mINFO[0m Creating package script '/home/suguta/naka2_ws/src/oakd_chan/install/oakd_chan/share/oakd_chan/package.sh'
[3.512s] [34mcolcon.colcon_core.shell[0m [1;30mINFO[0m Creating package script '/home/suguta/naka2_ws/src/oakd_chan/install/oakd_chan/share/oakd_chan/package.bash'
[3.513s] [34mcolcon.colcon_core.shell[0m [1;30mINFO[0m Creating package script '/home/suguta/naka2_ws/src/oakd_chan/install/oakd_chan/share/oakd_chan/package.zsh'
[3.514s] [34mcolcon.colcon_core.environment[0m [1;30mLevel 1[0m create_file_with_runtime_dependencies(/home/suguta/naka2_ws/src/oakd_chan/install/oakd_chan/share/colcon-core/packages/oakd_chan)
[3.514s] [34mcolcon.colcon_parallel_executor.executor.parallel[0m [1;30mDEBUG[0m [32mclosing loop[0m
[3.515s] [34mcolcon.colcon_parallel_executor.executor.parallel[0m [1;30mDEBUG[0m [32mloop closed[0m
[3.515s] [34mcolcon.colcon_parallel_executor.executor.parallel[0m [1;30mDEBUG[0m [32mrun_until_complete finished with '0'[0m
[3.515s] [34mcolcon.colcon_core.event_reactor[0m [1;30mDEBUG[0m [32mjoining thread[0m
[3.523s] [34mcolcon.colcon_core.plugin_system[0m [1;30mINFO[0m Skipping extension 'colcon_notification.desktop_notification.terminal_notifier': Not used on non-Darwin systems
[3.523s] [34mcolcon.colcon_core.plugin_system[0m [1;30mINFO[0m Skipping extension 'colcon_notification.desktop_notification.win32': Not used on non-Windows systems
[3.523s] [34mcolcon.colcon_notification.desktop_notification[0m [1;30mINFO[0m Sending desktop notification using 'notify2'
[3.537s] [34mcolcon.colcon_core.event_reactor[0m [1;30mDEBUG[0m [32mjoined thread[0m
[3.537s] [34mcolcon.colcon_core.shell[0m [1;30mINFO[0m Creating prefix script '/home/suguta/naka2_ws/src/oakd_chan/install/local_setup.ps1'
[3.539s] [34mcolcon.colcon_core.shell[0m [1;30mINFO[0m Creating prefix util module '/home/suguta/naka2_ws/src/oakd_chan/install/_local_setup_util_ps1.py'
[3.540s] [34mcolcon.colcon_core.shell[0m [1;30mINFO[0m Creating prefix chain script '/home/suguta/naka2_ws/src/oakd_chan/install/setup.ps1'
[3.543s] [34mcolcon.colcon_core.shell[0m [1;30mINFO[0m Creating prefix script '/home/suguta/naka2_ws/src/oakd_chan/install/local_setup.sh'
[3.543s] [34mcolcon.colcon_core.shell[0m [1;30mINFO[0m Creating prefix util module '/home/suguta/naka2_ws/src/oakd_chan/install/_local_setup_util_sh.py'
[3.544s] [34mcolcon.colcon_core.shell[0m [1;30mINFO[0m Creating prefix chain script '/home/suguta/naka2_ws/src/oakd_chan/install/setup.sh'
[3.546s] [34mcolcon.colcon_core.shell[0m [1;30mINFO[0m Creating prefix script '/home/suguta/naka2_ws/src/oakd_chan/install/local_setup.bash'
[3.547s] [34mcolcon.colcon_core.shell[0m [1;30mINFO[0m Creating prefix chain script '/home/suguta/naka2_ws/src/oakd_chan/install/setup.bash'
[3.549s] [34mcolcon.colcon_core.shell[0m [1;30mINFO[0m Creating prefix script '/home/suguta/naka2_ws/src/oakd_chan/install/local_setup.zsh'
[3.550s] [34mcolcon.colcon_core.shell[0m [1;30mINFO[0m Creating prefix chain script '/home/suguta/naka2_ws/src/oakd_chan/install/setup.zsh'
