/home/suguta/naka2_ws/src/oakd_chan/install/oakd_chan/lib/python3.10/site-packages/oakd_chan/oakd_chan_node.py
/home/suguta/naka2_ws/src/oakd_chan/install/oakd_chan/lib/python3.10/site-packages/oakd_chan/alphabet_detection_node.py
/home/suguta/naka2_ws/src/oakd_chan/install/oakd_chan/lib/python3.10/site-packages/oakd_chan/__init__.py
/home/suguta/naka2_ws/src/oakd_chan/install/oakd_chan/lib/python3.10/site-packages/oakd_chan/alphabet_detection_tegakicopy_node.py
/home/suguta/naka2_ws/src/oakd_chan/install/oakd_chan/lib/python3.10/site-packages/oakd_chan/__pycache__/oakd_chan_node.cpython-310.pyc
/home/suguta/naka2_ws/src/oakd_chan/install/oakd_chan/lib/python3.10/site-packages/oakd_chan/__pycache__/alphabet_detection_node.cpython-310.pyc
/home/suguta/naka2_ws/src/oakd_chan/install/oakd_chan/lib/python3.10/site-packages/oakd_chan/__pycache__/__init__.cpython-310.pyc
/home/suguta/naka2_ws/src/oakd_chan/install/oakd_chan/lib/python3.10/site-packages/oakd_chan/__pycache__/alphabet_detection_tegakicopy_node.cpython-310.pyc
/home/suguta/naka2_ws/src/oakd_chan/install/oakd_chan/share/ament_index/resource_index/packages/oakd_chan
/home/suguta/naka2_ws/src/oakd_chan/install/oakd_chan/share/oakd_chan/package.xml
/home/suguta/naka2_ws/src/oakd_chan/install/oakd_chan/lib/python3.10/site-packages/oakd_chan-0.0.0-py3.10.egg-info/dependency_links.txt
/home/suguta/naka2_ws/src/oakd_chan/install/oakd_chan/lib/python3.10/site-packages/oakd_chan-0.0.0-py3.10.egg-info/entry_points.txt
/home/suguta/naka2_ws/src/oakd_chan/install/oakd_chan/lib/python3.10/site-packages/oakd_chan-0.0.0-py3.10.egg-info/PKG-INFO
/home/suguta/naka2_ws/src/oakd_chan/install/oakd_chan/lib/python3.10/site-packages/oakd_chan-0.0.0-py3.10.egg-info/top_level.txt
/home/suguta/naka2_ws/src/oakd_chan/install/oakd_chan/lib/python3.10/site-packages/oakd_chan-0.0.0-py3.10.egg-info/SOURCES.txt
/home/suguta/naka2_ws/src/oakd_chan/install/oakd_chan/lib/python3.10/site-packages/oakd_chan-0.0.0-py3.10.egg-info/requires.txt
/home/suguta/naka2_ws/src/oakd_chan/install/oakd_chan/lib/python3.10/site-packages/oakd_chan-0.0.0-py3.10.egg-info/zip-safe
/home/suguta/naka2_ws/src/oakd_chan/install/oakd_chan/lib/oakd_chan/alphabet_detection_node
/home/suguta/naka2_ws/src/oakd_chan/install/oakd_chan/lib/oakd_chan/alphabet_detection_real_node
/home/suguta/naka2_ws/src/oakd_chan/install/oakd_chan/lib/oakd_chan/oakd_chan_node
