[1.692s] Invoking command in '/home/suguta/naka2_ws/src/oakd_chan': PYTHONPATH=/home/suguta/naka2_ws/src/oakd_chan/build/oakd_chan/prefix_override:/usr/lib/python3/dist-packages/colcon_core/task/python/colcon_distutils_commands:/home/suguta/naka2_ws/src/oakd_chan/install/oakd_chan/lib/python3.10/site-packages:${PYTHONPATH} /usr/bin/python3 -W ignore:setup.py install is deprecated setup.py egg_info --egg-base build/oakd_chan build --build-base /home/suguta/naka2_ws/src/oakd_chan/build/oakd_chan/build install --record /home/suguta/naka2_ws/src/oakd_chan/build/oakd_chan/install.log --single-version-externally-managed install_data
[2.362s] running egg_info
[2.392s] writing build/oakd_chan/oakd_chan.egg-info/PKG-INFO
[2.392s] writing dependency_links to build/oakd_chan/oakd_chan.egg-info/dependency_links.txt
[2.392s] writing entry points to build/oakd_chan/oakd_chan.egg-info/entry_points.txt
[2.393s] writing requirements to build/oakd_chan/oakd_chan.egg-info/requires.txt
[2.393s] writing top-level names to build/oakd_chan/oakd_chan.egg-info/top_level.txt
[2.453s] reading manifest file 'build/oakd_chan/oakd_chan.egg-info/SOURCES.txt'
[2.454s] writing manifest file 'build/oakd_chan/oakd_chan.egg-info/SOURCES.txt'
[2.455s] running build
[2.455s] running build_py
[2.455s] copying oakd_chan/alphabet_detection_node.py -> /home/suguta/naka2_ws/src/oakd_chan/build/oakd_chan/build/lib/oakd_chan
[2.456s] running install
[2.462s] running install_lib
[2.492s] copying /home/suguta/naka2_ws/src/oakd_chan/build/oakd_chan/build/lib/oakd_chan/alphabet_detection_node.py -> /home/suguta/naka2_ws/src/oakd_chan/install/oakd_chan/lib/python3.10/site-packages/oakd_chan
[2.493s] byte-compiling /home/suguta/naka2_ws/src/oakd_chan/install/oakd_chan/lib/python3.10/site-packages/oakd_chan/alphabet_detection_node.py to alphabet_detection_node.cpython-310.pyc
[2.495s] running install_data
[2.496s] running install_egg_info
[2.527s] removing '/home/suguta/naka2_ws/src/oakd_chan/install/oakd_chan/lib/python3.10/site-packages/oakd_chan-0.0.0-py3.10.egg-info' (and everything under it)
[2.527s] Copying build/oakd_chan/oakd_chan.egg-info to /home/suguta/naka2_ws/src/oakd_chan/install/oakd_chan/lib/python3.10/site-packages/oakd_chan-0.0.0-py3.10.egg-info
[2.529s] running install_scripts
[2.637s] Installing alphabet_detection_node script to /home/suguta/naka2_ws/src/oakd_chan/install/oakd_chan/lib/oakd_chan
[2.637s] Installing alphabet_detection_real_node script to /home/suguta/naka2_ws/src/oakd_chan/install/oakd_chan/lib/oakd_chan
[2.637s] Installing oakd_chan_node script to /home/suguta/naka2_ws/src/oakd_chan/install/oakd_chan/lib/oakd_chan
[2.638s] writing list of installed files to '/home/suguta/naka2_ws/src/oakd_chan/build/oakd_chan/install.log'
[2.683s] Invoked command in '/home/suguta/naka2_ws/src/oakd_chan' returned '0': PYTHONPATH=/home/suguta/naka2_ws/src/oakd_chan/build/oakd_chan/prefix_override:/usr/lib/python3/dist-packages/colcon_core/task/python/colcon_distutils_commands:/home/suguta/naka2_ws/src/oakd_chan/install/oakd_chan/lib/python3.10/site-packages:${PYTHONPATH} /usr/bin/python3 -W ignore:setup.py install is deprecated setup.py egg_info --egg-base build/oakd_chan build --build-base /home/suguta/naka2_ws/src/oakd_chan/build/oakd_chan/build install --record /home/suguta/naka2_ws/src/oakd_chan/build/oakd_chan/install.log --single-version-externally-managed install_data
